<?xml version="1.0" encoding="UTF-8"?>
<testsuite xmlns:xsi="http://www.w3.org/2001/XMLSchema-instance" xsi:noNamespaceSchemaLocation="https://maven.apache.org/surefire/maven-surefire-plugin/xsd/surefire-test-report.xsd" name="org.example.CalcTest" time="0.014" tests="2" errors="0" skipped="0" failures="1">
  <properties>
    <property name="socksProxyHost" value="127.0.0.1"/>
    <property name="http.proxyHost" value="127.0.0.1"/>
    <property name="java.specification.version" value="22"/>
    <property name="sun.jnu.encoding" value="UTF-8"/>
    <property name="java.class.path" value="/Users/zhangjiayi/tutorial4/target/test-classes:/Users/zhangjiayi/tutorial4/target/classes:/Users/zhangjiayi/.m2/repository/org/junit/jupiter/junit-jupiter-engine/5.4.0/junit-jupiter-engine-5.4.0.jar:/Users/zhangjiayi/.m2/repository/org/apiguardian/apiguardian-api/1.0.0/apiguardian-api-1.0.0.jar:/Users/zhangjiayi/.m2/repository/org/junit/platform/junit-platform-engine/1.4.0/junit-platform-engine-1.4.0.jar:/Users/zhangjiayi/.m2/repository/org/opentest4j/opentest4j/1.1.1/opentest4j-1.1.1.jar:/Users/zhangjiayi/.m2/repository/org/junit/platform/junit-platform-commons/1.4.0/junit-platform-commons-1.4.0.jar:/Users/zhangjiayi/.m2/repository/org/junit/jupiter/junit-jupiter-api/5.4.0/junit-jupiter-api-5.4.0.jar:/Users/zhangjiayi/.m2/repository/org/junit/jupiter/junit-jupiter/5.11.0/junit-jupiter-5.11.0.jar:/Users/zhangjiayi/.m2/repository/org/junit/jupiter/junit-jupiter-params/5.11.0/junit-jupiter-params-5.11.0.jar:"/>
    <property name="https.proxyPort" value="7897"/>
    <property name="java.vm.vendor" value="Homebrew"/>
    <property name="sun.arch.data.model" value="64"/>
    <property name="java.vendor.url" value="https://github.com/Homebrew/homebrew-core/issues"/>
    <property name="os.name" value="Mac OS X"/>
    <property name="java.vm.specification.version" value="22"/>
    <property name="sun.java.launcher" value="SUN_STANDARD"/>
    <property name="user.country" value="CN"/>
    <property name="sun.boot.library.path" value="/opt/homebrew/Cellar/openjdk/22.0.2/libexec/openjdk.jdk/Contents/Home/lib"/>
    <property name="sun.java.command" value="/Users/zhangjiayi/tutorial4/target/surefire/surefirebooter15200688807940414120.jar /Users/zhangjiayi/tutorial4/target/surefire 2024-09-25T18-09-42_497-jvmRun1 surefire7742920112710612386tmp surefire_013122234621247700730tmp"/>
    <property name="http.nonProxyHosts" value="127.0.0.1|192.168.0.0/16|*.192.168.0.0/16|10.0.0.0/8|*.10.0.0.0/8|172.16.0.0/12|*.172.16.0.0/12|localhost|*.localhost|local|*.local|crashlytics.com|*.crashlytics.com|&lt;local&gt;|*.&lt;local&gt;"/>
    <property name="jdk.debug" value="release"/>
    <property name="surefire.test.class.path" value="/Users/zhangjiayi/tutorial4/target/test-classes:/Users/zhangjiayi/tutorial4/target/classes:/Users/zhangjiayi/.m2/repository/org/junit/jupiter/junit-jupiter-engine/5.4.0/junit-jupiter-engine-5.4.0.jar:/Users/zhangjiayi/.m2/repository/org/apiguardian/apiguardian-api/1.0.0/apiguardian-api-1.0.0.jar:/Users/zhangjiayi/.m2/repository/org/junit/platform/junit-platform-engine/1.4.0/junit-platform-engine-1.4.0.jar:/Users/zhangjiayi/.m2/repository/org/opentest4j/opentest4j/1.1.1/opentest4j-1.1.1.jar:/Users/zhangjiayi/.m2/repository/org/junit/platform/junit-platform-commons/1.4.0/junit-platform-commons-1.4.0.jar:/Users/zhangjiayi/.m2/repository/org/junit/jupiter/junit-jupiter-api/5.4.0/junit-jupiter-api-5.4.0.jar:/Users/zhangjiayi/.m2/repository/org/junit/jupiter/junit-jupiter/5.11.0/junit-jupiter-5.11.0.jar:/Users/zhangjiayi/.m2/repository/org/junit/jupiter/junit-jupiter-params/5.11.0/junit-jupiter-params-5.11.0.jar:"/>
    <property name="sun.cpu.endian" value="little"/>
    <property name="user.home" value="/Users/zhangjiayi"/>
    <property name="user.language" value="zh"/>
    <property name="java.specification.vendor" value="Oracle Corporation"/>
    <property name="java.version.date" value="2024-07-16"/>
    <property name="java.home" value="/opt/homebrew/Cellar/openjdk/22.0.2/libexec/openjdk.jdk/Contents/Home"/>
    <property name="file.separator" value="/"/>
    <property name="https.proxyHost" value="127.0.0.1"/>
    <property name="basedir" value="/Users/zhangjiayi/tutorial4"/>
    <property name="java.vm.compressedOopsMode" value="Zero based"/>
    <property name="line.separator" value="&#10;"/>
    <property name="java.vm.specification.vendor" value="Oracle Corporation"/>
    <property name="java.specification.name" value="Java Platform API Specification"/>
    <property name="apple.awt.application.name" value="ForkedBooter"/>
    <property name="surefire.real.class.path" value="/Users/zhangjiayi/tutorial4/target/surefire/surefirebooter15200688807940414120.jar"/>
    <property name="user.script" value="Hans"/>
    <property name="sun.management.compiler" value="HotSpot 64-Bit Tiered Compilers"/>
    <property name="ftp.nonProxyHosts" value="127.0.0.1|192.168.0.0/16|*.192.168.0.0/16|10.0.0.0/8|*.10.0.0.0/8|172.16.0.0/12|*.172.16.0.0/12|localhost|*.localhost|local|*.local|crashlytics.com|*.crashlytics.com|&lt;local&gt;|*.&lt;local&gt;"/>
    <property name="java.runtime.version" value="22.0.2"/>
    <property name="user.name" value="zhangjiayi"/>
    <property name="stdout.encoding" value="UTF-8"/>
    <property name="path.separator" value=":"/>
    <property name="os.version" value="13.2"/>
    <property name="java.runtime.name" value="OpenJDK Runtime Environment"/>
    <property name="file.encoding" value="UTF-8"/>
    <property name="java.vm.name" value="OpenJDK 64-Bit Server VM"/>
    <property name="java.vendor.version" value="Homebrew"/>
    <property name="localRepository" value="/Users/zhangjiayi/.m2/repository"/>
    <property name="java.vendor.url.bug" value="https://github.com/Homebrew/homebrew-core/issues"/>
    <property name="java.io.tmpdir" value="/var/folders/g3/qjld62zn0zg0tv329n8d6pq00000gn/T/"/>
    <property name="java.version" value="22.0.2"/>
    <property name="user.dir" value="/Users/zhangjiayi/tutorial4"/>
    <property name="os.arch" value="aarch64"/>
    <property name="socksProxyPort" value="7897"/>
    <property name="java.vm.specification.name" value="Java Virtual Machine Specification"/>
    <property name="native.encoding" value="UTF-8"/>
    <property name="java.library.path" value="/Users/zhangjiayi/Library/Java/Extensions:/Library/Java/Extensions:/Network/Library/Java/Extensions:/System/Library/Java/Extensions:/usr/lib/java:."/>
    <property name="java.vm.info" value="mixed mode, sharing"/>
    <property name="stderr.encoding" value="UTF-8"/>
    <property name="java.vendor" value="Homebrew"/>
    <property name="java.vm.version" value="22.0.2"/>
    <property name="sun.io.unicode.encoding" value="UnicodeBig"/>
    <property name="socksNonProxyHosts" value="127.0.0.1|192.168.0.0/16|*.192.168.0.0/16|10.0.0.0/8|*.10.0.0.0/8|172.16.0.0/12|*.172.16.0.0/12|localhost|*.localhost|local|*.local|crashlytics.com|*.crashlytics.com|&lt;local&gt;|*.&lt;local&gt;"/>
    <property name="java.class.version" value="66.0"/>
    <property name="http.proxyPort" value="7897"/>
  </properties>
  <testcase name="subtraction" classname="org.example.CalcTest" time="0.01">
    <failure message="expected: &lt;2&gt; but was: &lt;8&gt;" type="org.opentest4j.AssertionFailedError"><![CDATA[org.opentest4j.AssertionFailedError: expected: <2> but was: <8>
	at org.example.CalcTest.subtraction(CalcTest.java:16)
]]></failure>
  </testcase>
  <testcase name="testAddition" classname="org.example.CalcTest" time="0"/>
</testsuite>